Oct 17 22:17:55 Installed: apr-1.4.8-3.el7_4.1.x86_64
Oct 17 22:17:55 Installed: libquadmath-4.8.5-28.el7_5.1.x86_64
Oct 17 22:17:56 Installed: apr-util-1.5.2-6.el7.x86_64
Oct 17 22:17:56 Installed: unzip-6.0-19.el7.x86_64
Oct 17 22:17:56 Installed: zip-3.0-11.el7.x86_64
Oct 17 22:17:56 Installed: patch-2.7.1-10.el7_5.x86_64
Oct 17 22:17:56 Installed: boost-system-1.53.0-27.el7.x86_64
Oct 17 22:17:56 Installed: 1:perl-Error-0.17020-2.el7.noarch
Oct 17 22:17:56 Installed: perl-Thread-Queue-3.02-2.el7.noarch
Oct 17 22:17:56 Installed: avahi-libs-0.6.31-19.el7.x86_64
Oct 17 22:17:56 Installed: boost-thread-1.53.0-27.el7.x86_64
Oct 17 22:17:56 Installed: libgfortran-4.8.5-28.el7_5.1.x86_64
Oct 17 22:17:56 Installed: perl-srpm-macros-1-8.el7.noarch
Oct 17 22:17:56 Installed: pakchois-0.4-10.el7.x86_64
Oct 17 22:17:56 Installed: dwz-0.11-3.el7.x86_64
Oct 17 22:17:56 Installed: redhat-rpm-config-9.1.0-80.el7.centos.noarch
Oct 17 22:17:57 Installed: boost-date-time-1.53.0-27.el7.x86_64
Oct 17 22:17:57 Installed: gettext-common-devel-0.19.8.1-2.el7.noarch
Oct 17 22:17:57 Installed: perl-TermReadKey-2.30-20.el7.x86_64
Oct 17 22:17:57 Installed: 1:emacs-filesystem-24.3-20.el7_4.noarch
Oct 17 22:17:58 Installed: kernel-headers-3.10.0-862.14.4.el7.x86_64
Oct 17 22:17:58 Installed: glibc-headers-2.17-222.el7.x86_64
Oct 17 22:17:59 Installed: glibc-devel-2.17-222.el7.x86_64
Oct 17 22:17:59 Installed: rsync-3.1.2-4.el7.x86_64
Oct 17 22:18:00 Installed: cpp-4.8.5-28.el7_5.1.x86_64
Oct 17 22:18:01 Installed: gcc-4.8.5-28.el7_5.1.x86_64
Oct 17 22:18:01 Installed: libquadmath-devel-4.8.5-28.el7_5.1.x86_64
Oct 17 22:18:36 Installed: kernel-debug-devel-3.10.0-862.14.4.el7.x86_64
Oct 17 22:18:37 Installed: systemtap-devel-3.2-8.el7_5.x86_64
Oct 17 22:18:38 Installed: perl-Data-Dumper-2.145-3.el7.x86_64
Oct 17 22:18:38 Installed: autoconf-2.69-11.el7.noarch
Oct 17 22:18:38 Installed: libmodman-2.0.1-8.el7.x86_64
Oct 17 22:18:38 Installed: libproxy-0.4.11-11.el7.x86_64
Oct 17 22:18:38 Installed: gdb-7.6.1-110.el7.x86_64
Oct 17 22:18:38 Installed: elfutils-0.170-4.el7.x86_64
Oct 17 22:18:39 Installed: perl-Test-Harness-3.28-3.el7.noarch
Oct 17 22:18:39 Installed: automake-1.13.4-3.el7.noarch
Oct 17 22:18:40 Installed: libstdc++-devel-4.8.5-28.el7_5.1.x86_64
Oct 17 22:18:40 Installed: efivar-libs-31-4.el7.x86_64
Oct 17 22:18:40 Installed: mokutil-12-2.el7.x86_64
Oct 17 22:18:40 Installed: nettle-2.7.1-8.el7.x86_64
Oct 17 22:18:40 Installed: libdwarf-20130207-4.el7.x86_64
Oct 17 22:18:41 Installed: dyninst-9.3.1-1.el7.x86_64
Oct 17 22:18:41 Installed: systemtap-runtime-3.2-8.el7_5.x86_64
Oct 17 22:18:43 Installed: systemtap-client-3.2-8.el7_5.x86_64
Oct 17 22:18:43 Installed: perl-XML-Parser-2.41-10.el7.x86_64
Oct 17 22:18:43 Installed: libgnome-keyring-3.12.0-1.el7.x86_64
Oct 17 22:18:43 Installed: perl-Git-1.8.3.1-14.el7_5.noarch
Oct 17 22:18:45 Installed: git-1.8.3.1-14.el7_5.x86_64
Oct 17 22:18:45 Installed: gettext-devel-0.19.8.1-2.el7.x86_64
Oct 17 22:18:45 Installed: trousers-0.3.14-2.el7.x86_64
Oct 17 22:18:45 Installed: gnutls-3.3.26-9.el7.x86_64
Oct 17 22:18:46 Installed: neon-0.30.0-3.el7.x86_64
Oct 17 22:18:46 Installed: subversion-libs-1.7.14-14.el7.x86_64
Oct 17 22:18:47 Installed: subversion-1.7.14-14.el7.x86_64
Oct 17 22:18:47 Installed: intltool-0.50.2-7.el7.noarch
Oct 17 22:18:47 Installed: systemtap-3.2-8.el7_5.x86_64
Oct 17 22:18:48 Installed: gcc-c++-4.8.5-28.el7_5.1.x86_64
Oct 17 22:18:48 Installed: libtool-2.4.2-22.el7_3.x86_64
Oct 17 22:18:48 Installed: rpm-build-4.11.3-32.el7.x86_64
Oct 17 22:18:49 Installed: gcc-gfortran-4.8.5-28.el7_5.1.x86_64
Oct 17 22:18:49 Installed: cscope-15.8-10.el7.x86_64
Oct 17 22:18:49 Installed: diffstat-1.57-4.el7.x86_64
Oct 17 22:18:49 Installed: rpm-sign-4.11.3-32.el7.x86_64
Oct 17 22:18:49 Installed: patchutils-0.3.3-4.el7.x86_64
Oct 17 22:18:49 Installed: flex-2.5.37-3.el7.x86_64
Oct 17 22:18:49 Installed: indent-2.2.11-13.el7.x86_64
Oct 17 22:18:50 Installed: bison-3.0.4-1.el7.x86_64
Oct 17 22:18:50 Installed: swig-2.0.10-5.el7.x86_64
Oct 17 22:18:51 Installed: rcs-5.9.0-5.el7.x86_64
Oct 17 22:18:52 Installed: 1:doxygen-1.8.5-3.el7.x86_64
Oct 17 22:18:52 Installed: byacc-1.9.20130304-3.el7.x86_64
Oct 17 22:18:52 Installed: ctags-5.8-13.el7.x86_64
Oct 17 22:19:08 Installed: zlib-devel-1.2.7-17.el7.x86_64
Oct 17 22:19:08 Installed: elfutils-libelf-devel-0.170-4.el7.x86_64
Oct 17 22:19:19 Installed: keyutils-libs-devel-1.5.8-3.el7.x86_64
Oct 17 22:19:19 Installed: libcom_err-devel-1.42.9-12.el7_5.x86_64
Oct 17 22:19:19 Installed: libkadm5-1.15.1-19.el7.x86_64
Oct 17 22:19:19 Installed: libsepol-devel-2.5-8.1.el7.x86_64
Oct 17 22:19:19 Installed: pcre-devel-8.32-17.el7.x86_64
Oct 17 22:19:19 Installed: libselinux-devel-2.5-12.el7.x86_64
Oct 17 22:19:19 Installed: libverto-devel-0.2.5-4.el7.x86_64
Oct 17 22:19:19 Installed: krb5-devel-1.15.1-19.el7.x86_64
Oct 17 22:19:20 Installed: 1:openssl-devel-1.0.2k-12.el7.x86_64
Oct 17 22:19:53 Installed: gpm-libs-1.20.7-5.el7.x86_64
Oct 17 22:19:53 Installed: 1:mc-4.8.7-11.el7.x86_64
Oct 18 07:40:15 Installed: bc-1.06.95-13.el7.x86_64
Oct 18 07:54:15 Installed: ncurses-devel-5.9-14.20130511.el7_4.x86_64
Oct 18 08:10:51 Installed: kernel-devel-3.10.0-862.14.4.el7.x86_64
Oct 18 12:29:02 Installed: kernel-devel-3.10.0-862.3.3.el7.x86_64
